
Circuit 1 cell sky130_fd_pr__nfet_01v8 and Circuit 2 cell sky130_fd_pr__nfet_01v8 are black boxes.
Warning: Equate pins:  cell sky130_fd_pr__nfet_01v8 is a placeholder, treated as a black box.
Warning: Equate pins:  cell sky130_fd_pr__nfet_01v8 is a placeholder, treated as a black box.

Subcircuit pins:
Circuit 1: sky130_fd_pr__nfet_01v8         |Circuit 2: sky130_fd_pr__nfet_01v8         
-------------------------------------------|-------------------------------------------
1                                          |1                                          
2                                          |2                                          
3                                          |3                                          
4                                          |4                                          
---------------------------------------------------------------------------------------
Cell pin lists are equivalent.
Device classes sky130_fd_pr__nfet_01v8 and sky130_fd_pr__nfet_01v8 are equivalent.

Circuit 1 cell sky130_fd_pr__res_xhigh_po_1p41 and Circuit 2 cell sky130_fd_pr__res_xhigh_po_1p41 are black boxes.
Warning: Equate pins:  cell sky130_fd_pr__res_xhigh_po_1p41 is a placeholder, treated as a black box.
Warning: Equate pins:  cell sky130_fd_pr__res_xhigh_po_1p41 is a placeholder, treated as a black box.

Subcircuit pins:
Circuit 1: sky130_fd_pr__res_xhigh_po_1p41 |Circuit 2: sky130_fd_pr__res_xhigh_po_1p41 
-------------------------------------------|-------------------------------------------
1                                          |1                                          
2                                          |2                                          
3                                          |3                                          
---------------------------------------------------------------------------------------
Cell pin lists are equivalent.
Device classes sky130_fd_pr__res_xhigh_po_1p41 and sky130_fd_pr__res_xhigh_po_1p41 are equivalent.

Circuit 1 cell sky130_fd_pr__pfet_01v8 and Circuit 2 cell sky130_fd_pr__pfet_01v8 are black boxes.
Warning: Equate pins:  cell sky130_fd_pr__pfet_01v8 is a placeholder, treated as a black box.
Warning: Equate pins:  cell sky130_fd_pr__pfet_01v8 is a placeholder, treated as a black box.

Subcircuit pins:
Circuit 1: sky130_fd_pr__pfet_01v8         |Circuit 2: sky130_fd_pr__pfet_01v8         
-------------------------------------------|-------------------------------------------
1                                          |1                                          
2                                          |2                                          
3                                          |3                                          
4                                          |4                                          
---------------------------------------------------------------------------------------
Cell pin lists are equivalent.
Device classes sky130_fd_pr__pfet_01v8 and sky130_fd_pr__pfet_01v8 are equivalent.
Flattening unmatched subcell sky130_fd_pr__nfet_01v8_RX9YJP in circuit current-mode-bgr_schematics (0)(2 instances)
Flattening unmatched subcell sky130_fd_pr__res_generic_l1_58A49Y in circuit current-mode-bgr_schematics (0)(10 instances)
Flattening unmatched subcell sky130_fd_pr__res_xhigh_po_1p41_CGMGNJ in circuit current-mode-bgr_schematics (0)(10 instances)
Flattening unmatched subcell sky130_fd_pr__nfet_01v8_CEKAWC in circuit current-mode-bgr_schematics (0)(1 instance)
Flattening unmatched subcell sky130_fd_pr__pfet_01v8_WYTN36 in circuit current-mode-bgr_schematics (0)(1 instance)
Flattening unmatched subcell sky130_fd_pr__pfet_01v8_Y44983 in circuit current-mode-bgr_schematics (0)(1 instance)
Flattening unmatched subcell sky130_fd_pr__pfet_01v8_AW5DE3 in circuit current-mode-bgr_schematics (0)(2 instances)
Flattening unmatched subcell sky130_fd_pr__pfet_01v8_FX5EQP in circuit current-mode-bgr_schematics (0)(1 instance)
Flattening unmatched subcell sky130_fd_pr__pfet_01v8_VCUNPM in circuit current-mode-bgr_schematics (0)(2 instances)
Flattening unmatched subcell sky130_fd_pr__pfet_01v8_MW3DW6 in circuit current-mode-bgr_schematics (0)(2 instances)

Class current-mode-bgr_schematics (0):  Merged 25 parallel devices.
Class current-mode-bgr_schematics (0):  Merged 9 series devices.
Class current-mode-bgr (1):  Merged 10 parallel devices.
Class current-mode-bgr (1):  Merged 9 series devices.
Subcircuit summary:
Circuit 1: current-mode-bgr_schematics     |Circuit 2: current-mode-bgr                
-------------------------------------------|-------------------------------------------
sky130_fd_pr__nfet_01v8 (6)                |sky130_fd_pr__nfet_01v8 (4) **Mismatch**   
sky130_fd_pr__res_generic_l1 (10->1)       |sky130_fd_pr__res_generic_l1 (10->1)       
sky130_fd_pr__res_xhigh_po_1p41 (10->1)    |sky130_fd_pr__res_xhigh_po_1p41 (10->1)    
sky130_fd_pr__pfet_01v8 (25->9)            |sky130_fd_pr__pfet_01v8 (9->8) **Mismatch* 
Number of devices: 17 **Mismatch**         |Number of devices: 14 **Mismatch**         
Number of nets: 9 **Mismatch**             |Number of nets: 8 **Mismatch**             
---------------------------------------------------------------------------------------
NET mismatches: Class fragments follow (with fanout counts):
Circuit 1: current-mode-bgr_schematics     |Circuit 2: current-mode-bgr                

---------------------------------------------------------------------------------------
Net: m1_n200_2800#                         |Net: net13                                 
  sky130_fd_pr__nfet_01v8/2 = 4            |  sky130_fd_pr__nfet_01v8/2 = 2            
  sky130_fd_pr__nfet_01v8/(1|3) = 2        |  sky130_fd_pr__nfet_01v8/(1|3) = 1        
  sky130_fd_pr__pfet_01v8/(1|3) = 2        |  sky130_fd_pr__pfet_01v8/(1|3) = 2        
                                           |                                           
Net: li_3100_120#                          |Net: net1                                  
  sky130_fd_pr__res_generic_l1/(end_a|end_ |  sky130_fd_pr__res_generic_l1/(end_a|end_ 
  sky130_fd_pr__nfet_01v8/(1|3) = 2        |  sky130_fd_pr__nfet_01v8/(1|3) = 1        
                                           |                                           
Net: VSS                                   |Net: VSS                                   
  sky130_fd_pr__nfet_01v8/2 = 1            |  sky130_fd_pr__nfet_01v8/2 = 1            
  sky130_fd_pr__nfet_01v8/(1|3) = 5        |  sky130_fd_pr__nfet_01v8/(1|3) = 4        
  sky130_fd_pr__nfet_01v8/4 = 6            |  sky130_fd_pr__nfet_01v8/4 = 4            
  sky130_fd_pr__res_generic_l1/(end_a|end_ |  sky130_fd_pr__res_generic_l1/(end_a|end_ 
  sky130_fd_pr__res_xhigh_po_1p41/(1|2) =  |  sky130_fd_pr__res_xhigh_po_1p41/(1|2) =  
  sky130_fd_pr__res_xhigh_po_1p41/3 = 1    |  sky130_fd_pr__res_xhigh_po_1p41/3 = 1    
  sky130_fd_pr__pfet_01v8/2 = 1            |  sky130_fd_pr__pfet_01v8/2 = 1            
  sky130_fd_pr__pfet_01v8/(1|3) = 1        |  sky130_fd_pr__pfet_01v8/(1|3) = 1        
                                           |                                           
Net: m1_n720_1500#                         |Net: net12                                 
  sky130_fd_pr__nfet_01v8/(1|3) = 2        |  sky130_fd_pr__nfet_01v8/(1|3) = 1        
  sky130_fd_pr__pfet_01v8/2 = 5            |  sky130_fd_pr__pfet_01v8/(1|3) = 1        
  sky130_fd_pr__pfet_01v8/(1|3) = 1        |  sky130_fd_pr__pfet_01v8/2 = 4            
                                           |                                           
Net: VDD                                   |Net: VDD                                   
  sky130_fd_pr__pfet_01v8/(1|3) = 9        |  sky130_fd_pr__pfet_01v8/(1|3) = 8        
  sky130_fd_pr__pfet_01v8/4 = 9            |  sky130_fd_pr__pfet_01v8/4 = 8            
                                           |                                           
Net: m1_n800_300#                          |(no matching net)                          
  sky130_fd_pr__pfet_01v8/(1|3) = 1        |                                           
---------------------------------------------------------------------------------------
DEVICE mismatches: Class fragments follow (with node fanout counts):
Circuit 1: current-mode-bgr_schematics     |Circuit 2: current-mode-bgr                

---------------------------------------------------------------------------------------
Instance: sky130_fd_pr__nfet_01v8_CEKAWC:X |Instance: sky130_fd_pr__nfet_01v8:M14      
  (1,3) = (8,3)                            |  (1,3) = (6,2)                            
  2 = 8                                    |  2 = 5                                    
  4 = 17                                   |  4 = 14                                   
                                           |                                           
Instance: sky130_fd_pr__nfet_01v8_CEKAWC:X |Instance: sky130_fd_pr__nfet_01v8:M15      
  (1,3) = (17,8)                           |  (1,3) = (14,5)                           
  2 = 8                                    |  2 = 5                                    
  4 = 17                                   |  4 = 14                                   
                                           |                                           
Instance: sky130_fd_pr__nfet_01v8_CEKAWC:X |Instance: sky130_fd_pr__pfet_01v8:M16      
  (1,3) = (8,3)                            |  (1,3) = (16,6)                           
  2 = 8                                    |  2 = 6                                    
  4 = 17                                   |  4 = 16                                   
                                           |                                           
Instance: sky130_fd_pr__nfet_01v8_CEKAWC:X |Instance: sky130_fd_pr__pfet_01v8:M17      
  (1,3) = (17,8)                           |  (1,3) = (16,5)                           
  2 = 8                                    |  2 = 6                                    
  4 = 17                                   |  4 = 16                                   
                                           |                                           
Instance: sky130_fd_pr__pfet_01v8_WYTN36:X |Instance: sky130_fd_pr__pfet_01v8:M18      
  (1,3) = (18,8)                           |  (1,3) = (16,5)                           
  2 = 8                                    |  2 = 14                                   
  4 = 18                                   |  4 = 16                                   
                                           |                                           
Instance: sky130_fd_pr__pfet_01v8_WYTN36:X |Instance: sky130_fd_pr__pfet_01v8:M19      
  (1,3) = (18,8)                           |  (1,3) = (16,14)                          
  2 = 8                                    |  2 = 6                                    
  4 = 18                                   |  4 = 16                                   
                                           |                                           
Instance: sky130_fd_pr__pfet_01v8_Y44983:X |(no matching instance)                     
  (1,3) = (18,8)                           |                                           
  2 = 17                                   |                                           
  4 = 18                                   |                                           
                                           |                                           
                                           |                                           
Instance: sky130_fd_pr__pfet_01v8_AW5DE3:X |(no matching instance)                     
  (1,3) = (18,1)                           |                                           
  2 = 8                                    |                                           
  4 = 18                                   |                                           
                                           |                                           
                                           |                                           
Instance: sky130_fd_pr__pfet_01v8_AW5DE3:X |(no matching instance)                     
  (1,3) = (18,17)                          |                                           
  2 = 8                                    |                                           
  4 = 18                                   |                                           
                                           |                                           
---------------------------------------------------------------------------------------
Netlists do not match.
Port matching may fail to disambiguate symmetries.

Subcircuit pins:
Circuit 1: current-mode-bgr_schematics     |Circuit 2: current-mode-bgr                
-------------------------------------------|-------------------------------------------
VSS                                        |(no pin, node is net13)                    
VDD                                        |VDD                                        
IREF                                       |IREF                                       
(no pin, node is m1_n800_300#)             |VSS                                        
---------------------------------------------------------------------------------------
Cell pin lists for current-mode-bgr_schematics and current-mode-bgr altered to match.
Device classes current-mode-bgr_schematics and current-mode-bgr are equivalent.

Final result: Top level cell failed pin matching.
